<?xml version="1.0" encoding="UTF-8"?>
<!-- Generated by org.testng.reporters.JUnitReportReporter -->
<testsuite hostname="Raiyan-Tanzim" failures="0" tests="4" name="ui.LoginTest" time="0.016" errors="0" timestamp="2022-10-26T15:30:00 BDT" skipped="0">
  <testcase classname="ui.LoginTest" name="aTest1" time="0.009"/>
  <system-out/>
  <testcase classname="ui.LoginTest" name="aTest1" time="0.001"/>
  <system-out/>
  <testcase classname="ui.LoginTest" name="aTest2" time="0.004"/>
  <system-out/>
  <testcase classname="ui.LoginTest" name="aTest2" time="0.002"/>
  <system-out/>
</testsuite> <!-- ui.LoginTest -->
