<?xml version="1.0" encoding="UTF-8"?>
<!-- Generated by org.testng.reporters.JUnitReportReporter -->
<testsuite hostname="Raiyan-Tanzim" failures="0" tests="3" name="ui.GroupDemoTest" time="0.014" errors="0" timestamp="2022-10-26T15:33:12 BDT" skipped="0">
  <testcase classname="ui.GroupDemoTest" name="aTest1" time="0.011"/>
  <system-out/>
  <testcase classname="ui.GroupDemoTest" name="aTest2" time="0.002"/>
  <system-out/>
  <testcase classname="ui.GroupDemoTest" name="aTest3" time="0.001"/>
  <system-out/>
</testsuite> <!-- ui.GroupDemoTest -->
