<?xml version="1.0" encoding="UTF-8"?>
<!-- Generated by org.testng.reporters.JUnitReportReporter -->
<testsuite hostname="Raiyan-Tanzim" failures="0" tests="3" name="ui.SkipDemoTest" time="0.012" errors="0" timestamp="2022-10-26T15:43:53 BDT" skipped="2">
  <testcase classname="ui.SkipDemoTest" name="SkipTest2" time="0.011">
    <skipped/>
  </testcase> <!-- SkipTest2 -->
  <system-out/>
  <testcase classname="ui.SkipDemoTest" name="SkipTest3" time="0.001"/>
  <system-out/>
  <testcase classname="ui.SkipDemoTest" name="SkipTest1">
    <skipped/>
  </testcase> <!-- SkipTest1 -->
  <system-out/>
</testsuite> <!-- ui.SkipDemoTest -->
