<?xml version="1.0" encoding="UTF-8"?>
<!-- Generated by org.testng.reporters.JUnitReportReporter -->
<testsuite hostname="Raiyan-Tanzim" failures="0" tests="1" name="ui.VerifyTitleTest" time="22.514" errors="0" timestamp="2022-10-26T15:30:00 BDT" skipped="0">
  <testcase classname="ui.VerifyTitleTest" name="titleTest" time="22.514"/>
  <system-out/>
</testsuite> <!-- ui.VerifyTitleTest -->
